c:\users\micha\onedrive\počítač\drive\fri_uniza\fri\semester_3\vstavane_systemy_c\semestrlka\evidenciazamestnancovsolution final\evidenciazamestnancov\debug\vc142.pdb
c:\users\micha\onedrive\počítač\drive\fri_uniza\fri\semester_3\vstavane_systemy_c\semestrlka\evidenciazamestnancovsolution final\evidenciazamestnancov\debug\vc142.idb
c:\users\micha\onedrive\počítač\drive\fri_uniza\fri\semester_3\vstavane_systemy_c\semestrlka\evidenciazamestnancovsolution final\evidenciazamestnancov\debug\zamestnanec.obj
c:\users\micha\onedrive\počítač\drive\fri_uniza\fri\semester_3\vstavane_systemy_c\semestrlka\evidenciazamestnancovsolution final\evidenciazamestnancov\debug\pozicia.obj
c:\users\micha\onedrive\počítač\drive\fri_uniza\fri\semester_3\vstavane_systemy_c\semestrlka\evidenciazamestnancovsolution final\evidenciazamestnancov\debug\main.obj
c:\users\micha\onedrive\počítač\drive\fri_uniza\fri\semester_3\vstavane_systemy_c\semestrlka\evidenciazamestnancovsolution final\evidenciazamestnancov\debug\firma.obj
c:\users\micha\onedrive\počítač\drive\fri_uniza\fri\semester_3\vstavane_systemy_c\semestrlka\evidenciazamestnancovsolution final\evidenciazamestnancov\debug\datum.obj
c:\users\micha\onedrive\počítač\drive\fri_uniza\fri\semester_3\vstavane_systemy_c\semestrlka\evidenciazamestnancovsolution final\evidenciazamestnancov\debug\databaza.obj
c:\users\micha\onedrive\počítač\drive\fri_uniza\fri\semester_3\vstavane_systemy_c\semestrlka\evidenciazamestnancovsolution final\evidenciazamestnancov\debug\cmemleak.obj
c:\users\micha\onedrive\počítač\drive\fri_uniza\fri\semester_3\vstavane_systemy_c\semestrlka\evidenciazamestnancovsolution final\evidenciazamestnancov\debug\aplikacia.obj
c:\users\micha\onedrive\počítač\drive\fri_uniza\fri\semester_3\vstavane_systemy_c\semestrlka\evidenciazamestnancovsolution final\evidenciazamestnancov\debug\adresa.obj
c:\users\micha\onedrive\počítač\drive\fri_uniza\fri\semester_3\vstavane_systemy_c\semestrlka\evidenciazamestnancovsolution final\debug\evidenciazamestnancov.ilk
c:\users\micha\onedrive\počítač\drive\fri_uniza\fri\semester_3\vstavane_systemy_c\semestrlka\evidenciazamestnancovsolution final\debug\evidenciazamestnancov.exe
c:\users\micha\onedrive\počítač\drive\fri_uniza\fri\semester_3\vstavane_systemy_c\semestrlka\evidenciazamestnancovsolution final\debug\evidenciazamestnancov.pdb
c:\users\micha\onedrive\počítač\drive\fri_uniza\fri\semester_3\vstavane_systemy_c\semestrlka\evidenciazamestnancovsolution final\evidenciazamestnancov\debug\evidenci.8e98aa7d.tlog\cl.command.1.tlog
c:\users\micha\onedrive\počítač\drive\fri_uniza\fri\semester_3\vstavane_systemy_c\semestrlka\evidenciazamestnancovsolution final\evidenciazamestnancov\debug\evidenci.8e98aa7d.tlog\cl.read.1.tlog
c:\users\micha\onedrive\počítač\drive\fri_uniza\fri\semester_3\vstavane_systemy_c\semestrlka\evidenciazamestnancovsolution final\evidenciazamestnancov\debug\evidenci.8e98aa7d.tlog\cl.write.1.tlog
c:\users\micha\onedrive\počítač\drive\fri_uniza\fri\semester_3\vstavane_systemy_c\semestrlka\evidenciazamestnancovsolution final\evidenciazamestnancov\debug\evidenci.8e98aa7d.tlog\link.command.1.tlog
c:\users\micha\onedrive\počítač\drive\fri_uniza\fri\semester_3\vstavane_systemy_c\semestrlka\evidenciazamestnancovsolution final\evidenciazamestnancov\debug\evidenci.8e98aa7d.tlog\link.read.1.tlog
c:\users\micha\onedrive\počítač\drive\fri_uniza\fri\semester_3\vstavane_systemy_c\semestrlka\evidenciazamestnancovsolution final\evidenciazamestnancov\debug\evidenci.8e98aa7d.tlog\link.write.1.tlog
